  main.c
C:\Users\miles\Phantom Security\Git Repos\Sandbox Evasion\redefined_crt_functions.h(3,23): warning C4028: formal parameter 1 different from declaration
  (compiling source file 'main.c')
  
C:\Users\miles\Phantom Security\Git Repos\Sandbox Evasion\redefined_crt_functions.h(3,5): warning C4273: 'toupper': inconsistent dll linkage
  (compiling source file 'main.c')
  C:\Program Files (x86)\Windows Kits\10\Include\10.0.22621.0\ucrt\ctype.h(63,56):
  see previous definition of 'toupper'
  
C:\Users\miles\Phantom Security\Git Repos\Sandbox Evasion\main.c(127,18): warning C4047: '==': 'DWORD' differs in levels of indirection from 'void *'
C:\Users\miles\Phantom Security\Git Repos\Sandbox Evasion\main.c(137,31): warning C4047: '!=': 'int' differs in levels of indirection from 'void *'
C:\Users\miles\Phantom Security\Git Repos\Sandbox Evasion\main.c(143,62): warning C4047: 'function': 'char *' differs in levels of indirection from 'WCHAR'
C:\Users\miles\Phantom Security\Git Repos\Sandbox Evasion\main.c(143,62): warning C4024: 'toupper': different types for formal and actual parameter 1
C:\Users\miles\Phantom Security\Git Repos\Sandbox Evasion\main.c(166,36): warning C4047: '==': 'DWORD' differs in levels of indirection from 'void *'
C:\Users\miles\Phantom Security\Git Repos\Sandbox Evasion\main.c(229,50): warning C4307: '*': signed integral constant overflow
C:\Users\miles\Phantom Security\Git Repos\Sandbox Evasion\main.c(237,88): warning C4047: 'function': 'DWORD' differs in levels of indirection from 'void *'
C:\Users\miles\Phantom Security\Git Repos\Sandbox Evasion\main.c(237,88): warning C4024: 'RegOpenKeyExA': different types for formal and actual parameter 3
C:\Users\miles\Phantom Security\Git Repos\Sandbox Evasion\main.c(304,54): warning C4047: 'function': 'UINT' differs in levels of indirection from 'void *'
C:\Users\miles\Phantom Security\Git Repos\Sandbox Evasion\main.c(304,54): warning C4024: 'MessageBoxA': different types for formal and actual parameter 4
C:\Users\miles\Phantom Security\Git Repos\Sandbox Evasion\main.c(306,27): warning C4047: 'function': 'UINT' differs in levels of indirection from 'void *'
C:\Users\miles\Phantom Security\Git Repos\Sandbox Evasion\main.c(306,27): warning C4024: 'MultiByteToWideChar': different types for formal and actual parameter 1
C:\Users\miles\Phantom Security\Git Repos\Sandbox Evasion\main.c(306,33): warning C4047: 'function': 'DWORD' differs in levels of indirection from 'void *'
C:\Users\miles\Phantom Security\Git Repos\Sandbox Evasion\main.c(306,33): warning C4024: 'MultiByteToWideChar': different types for formal and actual parameter 2
C:\Users\miles\Phantom Security\Git Repos\Sandbox Evasion\main.c(306,45): warning C4047: 'function': 'int' differs in levels of indirection from 'void *'
C:\Users\miles\Phantom Security\Git Repos\Sandbox Evasion\main.c(306,45): warning C4024: 'MultiByteToWideChar': different types for formal and actual parameter 4
C:\Users\miles\Phantom Security\Git Repos\Sandbox Evasion\main.c(306,57): warning C4047: 'function': 'int' differs in levels of indirection from 'void *'
C:\Users\miles\Phantom Security\Git Repos\Sandbox Evasion\main.c(306,57): warning C4024: 'MultiByteToWideChar': different types for formal and actual parameter 6
C:\Users\miles\Phantom Security\Git Repos\Sandbox Evasion\main.c(310,28): warning C4047: 'function': 'LCID' differs in levels of indirection from 'void *'
C:\Users\miles\Phantom Security\Git Repos\Sandbox Evasion\main.c(310,28): warning C4024: 'ConvertDefaultLocale': different types for formal and actual parameter 1
C:\Users\miles\Phantom Security\Git Repos\Sandbox Evasion\main.c(311,31): warning C4047: 'function': 'int' differs in levels of indirection from 'void *'
C:\Users\miles\Phantom Security\Git Repos\Sandbox Evasion\main.c(311,31): warning C4024: 'GetWindowLongPtrW': different types for formal and actual parameter 2
C:\Users\miles\Phantom Security\Git Repos\Sandbox Evasion\main.c(312,41): warning C4047: 'function': 'DWORD' differs in levels of indirection from 'void *'
C:\Users\miles\Phantom Security\Git Repos\Sandbox Evasion\main.c(312,41): warning C4024: 'SetCriticalSectionSpinCount': different types for formal and actual parameter 2
C:\Users\miles\Phantom Security\Git Repos\Sandbox Evasion\main.c(212,19): warning C4113: 'FARPROC' differs in parameter lists from 'fnGetSystemInfo'
C:\Users\miles\Phantom Security\Git Repos\Sandbox Evasion\main.c(213,26): warning C4113: 'FARPROC' differs in parameter lists from 'fnGlobalMemoryStatusEx'
C:\Users\miles\Phantom Security\Git Repos\Sandbox Evasion\main.c(214,19): warning C4113: 'FARPROC' differs in parameter lists from 'fnRegOpenKeyExA'
C:\Users\miles\Phantom Security\Git Repos\Sandbox Evasion\main.c(214,19): warning C4133: 'initializing': incompatible types - from 'FARPROC' to 'fnRegOpenKeyExA'
C:\Users\miles\Phantom Security\Git Repos\Sandbox Evasion\main.c(215,22): warning C4113: 'FARPROC' differs in parameter lists from 'fnRegQueryInfoKeyA'
C:\Users\miles\Phantom Security\Git Repos\Sandbox Evasion\main.c(215,22): warning C4133: 'initializing': incompatible types - from 'FARPROC' to 'fnRegQueryInfoKeyA'
C:\Users\miles\Phantom Security\Git Repos\Sandbox Evasion\main.c(216,21): warning C4113: 'FARPROC' differs in parameter lists from 'fnGetMonitorInfoW'
C:\Users\miles\Phantom Security\Git Repos\Sandbox Evasion\main.c(216,21): warning C4133: 'initializing': incompatible types - from 'FARPROC' to 'fnGetMonitorInfoW'
C:\Users\miles\Phantom Security\Git Repos\Sandbox Evasion\main.c(234,9): warning C4047: 'initializing': 'DWORD' differs in levels of indirection from 'void *'
C:\Users\miles\Phantom Security\Git Repos\Sandbox Evasion\main.c(236,9): warning C4047: 'initializing': 'DWORD' differs in levels of indirection from 'void *'
C:\Users\miles\Phantom Security\Git Repos\Sandbox Evasion\main.c(272,17): warning C4113: 'FARPROC' differs in parameter lists from 'fnVirtualAlloc'
C:\Users\miles\Phantom Security\Git Repos\Sandbox Evasion\main.c(272,17): warning C4047: 'initializing': 'fnVirtualAlloc' differs in levels of indirection from 'FARPROC'
  Sandbox Evasion.vcxproj -> C:\Users\miles\Phantom Security\Git Repos\x64\Debug\Sandbox Evasion.exe
